<?xml version="1.0" encoding="UTF-8"?>
<!-- Generated by org.testng.reporters.JUnitReportReporter -->
<testsuite hostname="XPS17" name="com.selenium.tests.UsersPageTest" tests="4" failures="0" timestamp="24 Apr 2022 06:38:46 GMT" time="35.005" errors="0">
  <testcase name="TC_OHRM_Admin_Users_SearchBtn_4" time="9.190" classname="com.selenium.tests.UsersPageTest"/>
  <testcase name="TC_OHRM_Admin_Users_SearchBtn_2" time="8.061" classname="com.selenium.tests.UsersPageTest"/>
  <testcase name="TC_OHRM_Admin_Users_SearchBtn_3" time="9.654" classname="com.selenium.tests.UsersPageTest"/>
  <testcase name="TC_OHRM_Admin_Users_SearchBtn_1" time="8.100" classname="com.selenium.tests.UsersPageTest"/>
</testsuite> <!-- com.selenium.tests.UsersPageTest -->
