<?xml version="1.0" encoding="UTF-8"?>
<!-- Generated by org.testng.reporters.JUnitReportReporter -->
<testsuite hostname="XPS17" name="com.selenium.tests.SeleniumMethodsTest" tests="1" failures="0" timestamp="6 Mar 2022 05:58:56 GMT" time="9.861" errors="0">
  <testcase name="takeScreenshot" time="9.861" classname="com.selenium.tests.SeleniumMethodsTest"/>
</testsuite> <!-- com.selenium.tests.SeleniumMethodsTest -->
