<?xml version="1.0" encoding="UTF-8"?>
<!-- Generated by org.testng.reporters.JUnitReportReporter -->
<testsuite hostname="XPS17" name="com.selenium.tests.AutomateWebElementsTests" tests="1" failures="0" timestamp="5 Mar 2022 03:43:56 GMT" time="14.670" errors="0">
  <testcase name="learningCheckbox" time="14.670" classname="com.selenium.tests.AutomateWebElementsTests"/>
</testsuite> <!-- com.selenium.tests.AutomateWebElementsTests -->
