<?xml version="1.0" encoding="UTF-8"?>
<!-- Generated by org.testng.reporters.JUnitReportReporter -->
<testsuite hostname="XPS17" name="com.selenium.tests.LogInTest" tests="4" failures="0" timestamp="15 Apr 2022 23:29:59 GMT" time="18.817" errors="0">
  <testcase name="TC_OHRM_Login_4" time="5.497" classname="com.selenium.tests.LogInTest"/>
  <testcase name="TC_OHRM_Login_3" time="4.143" classname="com.selenium.tests.LogInTest"/>
  <testcase name="TC_OHRM_Login_1" time="4.914" classname="com.selenium.tests.LogInTest"/>
  <testcase name="TC_OHRM_Login_2" time="4.263" classname="com.selenium.tests.LogInTest"/>
</testsuite> <!-- com.selenium.tests.LogInTest -->
