<?xml version="1.0" encoding="UTF-8"?>
<!-- Generated by org.testng.reporters.JUnitReportReporter -->
<testsuite hostname="XPS17" name="com.selenium.tests.LogInTest" tests="4" failures="0" timestamp="16 Apr 2022 04:16:16 GMT" time="27.880" errors="0">
  <testcase name="TC_OHRM_Login_2" time="5.617" classname="com.selenium.tests.LogInTest"/>
  <testcase name="TC_OHRM_Login_3" time="6.169" classname="com.selenium.tests.LogInTest"/>
  <testcase name="TC_OHRM_Login_1" time="6.186" classname="com.selenium.tests.LogInTest"/>
  <testcase name="TC_OHRM_Login_4" time="9.908" classname="com.selenium.tests.LogInTest"/>
</testsuite> <!-- com.selenium.tests.LogInTest -->
