<?xml version="1.0" encoding="UTF-8"?>
<!-- Generated by org.testng.reporters.JUnitReportReporter -->
<testsuite hostname="XPS17" name="com.selenium.tests.UsersPageTest" tests="3" failures="0" timestamp="16 Apr 2022 04:16:16 GMT" time="63.637" errors="0">
  <testcase name="TC_OHRM_Users_SystemUsersField_2" time="21.562" classname="com.selenium.tests.UsersPageTest"/>
  <testcase name="TC_OHRM_Users_SystemUsersField_3" time="21.291" classname="com.selenium.tests.UsersPageTest"/>
  <testcase name="TC_OHRM_Users_SystemUsersField_1" time="20.784" classname="com.selenium.tests.UsersPageTest"/>
</testsuite> <!-- com.selenium.tests.UsersPageTest -->
