<?xml version="1.0" encoding="UTF-8"?>
<!-- Generated by org.testng.reporters.JUnitReportReporter -->
<testsuite hostname="XPS17" name="com.selenium.tests.LogInTest" tests="1" failures="0" timestamp="24 Apr 2022 03:10:20 GMT" time="5.748" errors="0">
  <testcase name="TC_OHRM_Login_1" time="5.748" classname="com.selenium.tests.LogInTest"/>
</testsuite> <!-- com.selenium.tests.LogInTest -->
