<?xml version="1.0" encoding="UTF-8"?>
<!-- Generated by org.testng.reporters.JUnitReportReporter -->
<testsuite hostname="XPS17" name="com.selenium.tests.LogInTest" tests="4" failures="0" timestamp="14 Apr 2022 03:35:21 GMT" time="19.421" errors="0">
  <testcase name="TC_OHRM_Login_1" time="4.798" classname="com.selenium.tests.LogInTest"/>
  <testcase name="TC_OHRM_Login_3" time="6.023" classname="com.selenium.tests.LogInTest"/>
  <testcase name="TC_OHRM_Login_2" time="4.571" classname="com.selenium.tests.LogInTest"/>
  <testcase name="TC_OHRM_Login_4" time="4.029" classname="com.selenium.tests.LogInTest"/>
</testsuite> <!-- com.selenium.tests.LogInTest -->
